0 silly argv {
0 silly argv   _: [ 'run' ],
0 silly argv   lernaVersion: '4.0.0',
0 silly argv   '$0': 'lerna',
0 silly argv   script: 'install'
0 silly argv }
1 notice cli v4.0.0
2 verbose rootPath /home/auri/Code/Projects/AuriServeMono
3 error JSONError: Unexpected token "}" (0x7D) in JSON at position 580 while parsing near "...oot\\\" && exit 1\",\n  },\n  \"bugs\": {\n    \"..." in packages/as_core/package.json
3 error
3 error [0m [90m 22 |[39m     [32m"dev"[39m[33m:[39m [32m"nodemon --config nodemon.json"[39m[33m,[39m[0m
3 error [0m [90m 23 |[39m     [32m"test"[39m[33m:[39m [32m"echo \"Error: run tests from root\" && exit 1"[39m[33m,[39m[0m
3 error [0m[31m[1m>[22m[39m[90m 24 |[39m   }[33m,[39m[0m
3 error [0m [90m    |[39m   [31m[1m^[22m[39m[0m
3 error [0m [90m 25 |[39m   [32m"bugs"[39m[33m:[39m {[0m
3 error [0m [90m 26 |[39m     [32m"url"[39m[33m:[39m [32m"https://github.com/AuriServe/AuriServe/issues"[39m[0m
3 error [0m [90m 27 |[39m   }[33m,[39m[0m
3 error
3 error     at parseJson (/usr/lib/node_modules/lerna/node_modules/parse-json/index.js:29:21)
3 error     at parse (/usr/lib/node_modules/lerna/node_modules/load-json-file/index.js:15:9)
3 error     at module.exports (/usr/lib/node_modules/lerna/node_modules/load-json-file/index.js:18:47)
